{"/Users/deva/Documents/Deva /ScoreCard/src/App.tsx": {"path":"/Users/deva/Documents/Deva /ScoreCard/src/App.tsx","statementMap":{"0":{"start":{"line":8,"column":14},"end":{"line":8,"column":36}},"1":{"start":{"line":10,"column":12},"end":{"line":27,"column":1}},"2":{"start":{"line":11,"column":2},"end":{"line":26,"column":4}}},"fnMap":{"0":{"name":"(anonymous_0)","decl":{"start":{"line":10,"column":12},"end":{"line":10,"column":13}},"loc":{"start":{"line":10,"column":18},"end":{"line":27,"column":1}},"line":10}},"branchMap":{},"s":{"0":1,"1":1,"2":1},"f":{"0":1},"b":{},"_coverageSchema":"1a1c01bbd47fc00a2c39e90264f33305004495a9","hash":"358cfee744c4e3d128f1da26a19181e9e16c55be"}
,"/Users/deva/Documents/Deva /ScoreCard/src/components/PlayerCounter/PlayerCounter.styles.ts": {"path":"/Users/deva/Documents/Deva /ScoreCard/src/components/PlayerCounter/PlayerCounter.styles.ts","statementMap":{"0":{"start":{"line":3,"column":15},"end":{"line":36,"column":2}}},"fnMap":{},"branchMap":{},"s":{"0":3},"f":{},"b":{},"_coverageSchema":"1a1c01bbd47fc00a2c39e90264f33305004495a9","hash":"5fd79b6ab05628f234992c0f302ddee127854606"}
,"/Users/deva/Documents/Deva /ScoreCard/src/components/PlayerCounter/PlayerCounter.tsx": {"path":"/Users/deva/Documents/Deva /ScoreCard/src/components/PlayerCounter/PlayerCounter.tsx","statementMap":{"0":{"start":{"line":10,"column":48},"end":{"line":38,"column":1}},"1":{"start":{"line":11,"column":21},"end":{"line":14,"column":3}},"2":{"start":{"line":12,"column":4},"end":{"line":12,"column":30}},"3":{"start":{"line":13,"column":4},"end":{"line":13,"column":43}},"4":{"start":{"line":16,"column":21},"end":{"line":21,"column":3}},"5":{"start":{"line":17,"column":4},"end":{"line":17,"column":26}},"6":{"start":{"line":17,"column":19},"end":{"line":17,"column":26}},"7":{"start":{"line":19,"column":4},"end":{"line":19,"column":30}},"8":{"start":{"line":20,"column":4},"end":{"line":20,"column":43}},"9":{"start":{"line":23,"column":2},"end":{"line":37,"column":4}}},"fnMap":{"0":{"name":"(anonymous_0)","decl":{"start":{"line":10,"column":48},"end":{"line":10,"column":49}},"loc":{"start":{"line":10,"column":85},"end":{"line":38,"column":1}},"line":10},"1":{"name":"(anonymous_1)","decl":{"start":{"line":11,"column":21},"end":{"line":11,"column":22}},"loc":{"start":{"line":11,"column":27},"end":{"line":14,"column":3}},"line":11},"2":{"name":"(anonymous_2)","decl":{"start":{"line":16,"column":21},"end":{"line":16,"column":22}},"loc":{"start":{"line":16,"column":27},"end":{"line":21,"column":3}},"line":16}},"branchMap":{"0":{"loc":{"start":{"line":17,"column":4},"end":{"line":17,"column":26}},"type":"if","locations":[{"start":{"line":17,"column":4},"end":{"line":17,"column":26}},{"start":{"line":17,"column":4},"end":{"line":17,"column":26}}],"line":17}},"s":{"0":3,"1":22,"2":1,"3":1,"4":22,"5":2,"6":1,"7":1,"8":1,"9":22},"f":{"0":22,"1":1,"2":2},"b":{"0":[1,1]},"_coverageSchema":"1a1c01bbd47fc00a2c39e90264f33305004495a9","hash":"33f1d137ce1723e58bff3362c0641cb41b0f81a0"}
,"/Users/deva/Documents/Deva /ScoreCard/src/components/PlayerCounter/index.ts": {"path":"/Users/deva/Documents/Deva /ScoreCard/src/components/PlayerCounter/index.ts","statementMap":{},"fnMap":{},"branchMap":{},"s":{},"f":{},"b":{},"_coverageSchema":"1a1c01bbd47fc00a2c39e90264f33305004495a9","hash":"b3c7c9df5b05f95b9fc6df5bb691068aa92f89ac"}
,"/Users/deva/Documents/Deva /ScoreCard/src/screens/Home/Home.styles.ts": {"path":"/Users/deva/Documents/Deva /ScoreCard/src/screens/Home/Home.styles.ts","statementMap":{"0":{"start":{"line":5,"column":15},"end":{"line":31,"column":2}}},"fnMap":{},"branchMap":{},"s":{"0":2},"f":{},"b":{},"_coverageSchema":"1a1c01bbd47fc00a2c39e90264f33305004495a9","hash":"cd29bc9dfbe01804102a03e64e35b385fd0c1c7c"}
,"/Users/deva/Documents/Deva /ScoreCard/src/screens/Home/Home.tsx": {"path":"/Users/deva/Documents/Deva /ScoreCard/src/screens/Home/Home.tsx","statementMap":{"0":{"start":{"line":12,"column":23},"end":{"line":12,"column":36}},"1":{"start":{"line":13,"column":23},"end":{"line":13,"column":36}},"2":{"start":{"line":15,"column":13},"end":{"line":52,"column":1}},"3":{"start":{"line":16,"column":28},"end":{"line":16,"column":47}},"4":{"start":{"line":17,"column":46},"end":{"line":17,"column":65}},"5":{"start":{"line":18,"column":49},"end":{"line":18,"column":68}},"6":{"start":{"line":20,"column":2},"end":{"line":22,"column":42}},"7":{"start":{"line":21,"column":4},"end":{"line":21,"column":49}},"8":{"start":{"line":24,"column":2},"end":{"line":34,"column":9}},"9":{"start":{"line":25,"column":25},"end":{"line":31,"column":5}},"10":{"start":{"line":26,"column":31},"end":{"line":26,"column":63}},"11":{"start":{"line":27,"column":31},"end":{"line":27,"column":63}},"12":{"start":{"line":29,"column":6},"end":{"line":29,"column":50}},"13":{"start":{"line":30,"column":6},"end":{"line":30,"column":50}},"14":{"start":{"line":33,"column":4},"end":{"line":33,"column":19}},"15":{"start":{"line":36,"column":2},"end":{"line":51,"column":4}}},"fnMap":{"0":{"name":"(anonymous_0)","decl":{"start":{"line":15,"column":13},"end":{"line":15,"column":14}},"loc":{"start":{"line":15,"column":19},"end":{"line":52,"column":1}},"line":15},"1":{"name":"(anonymous_1)","decl":{"start":{"line":20,"column":12},"end":{"line":20,"column":13}},"loc":{"start":{"line":20,"column":18},"end":{"line":22,"column":3}},"line":20},"2":{"name":"(anonymous_2)","decl":{"start":{"line":24,"column":12},"end":{"line":24,"column":13}},"loc":{"start":{"line":24,"column":18},"end":{"line":34,"column":3}},"line":24},"3":{"name":"(anonymous_3)","decl":{"start":{"line":25,"column":25},"end":{"line":25,"column":26}},"loc":{"start":{"line":25,"column":37},"end":{"line":31,"column":5}},"line":25}},"branchMap":{},"s":{"0":2,"1":2,"2":2,"3":9,"4":9,"5":9,"6":9,"7":7,"8":9,"9":3,"10":3,"11":3,"12":3,"13":3,"14":3,"15":9},"f":{"0":9,"1":7,"2":3,"3":3},"b":{},"_coverageSchema":"1a1c01bbd47fc00a2c39e90264f33305004495a9","hash":"155940a21d1c95a61c7e0eec526c74b679e04963"}
,"/Users/deva/Documents/Deva /ScoreCard/src/screens/Home/index.ts": {"path":"/Users/deva/Documents/Deva /ScoreCard/src/screens/Home/index.ts","statementMap":{},"fnMap":{},"branchMap":{},"s":{},"f":{},"b":{},"_coverageSchema":"1a1c01bbd47fc00a2c39e90264f33305004495a9","hash":"f678c4fc4c74a85da63b5b559592fc9b0a45e821"}
,"/Users/deva/Documents/Deva /ScoreCard/src/styles/colors.ts": {"path":"/Users/deva/Documents/Deva /ScoreCard/src/styles/colors.ts","statementMap":{"0":{"start":{"line":1,"column":22},"end":{"line":7,"column":1}}},"fnMap":{},"branchMap":{},"s":{"0":2},"f":{},"b":{},"_coverageSchema":"1a1c01bbd47fc00a2c39e90264f33305004495a9","hash":"399ad4d745d3eb55f3555e86654eedb113fb4fd4"}
,"/Users/deva/Documents/Deva /ScoreCard/src/utils/asyncStorage.ts": {"path":"/Users/deva/Documents/Deva /ScoreCard/src/utils/asyncStorage.ts","statementMap":{"0":{"start":{"line":5,"column":24},"end":{"line":11,"column":1}},"1":{"start":{"line":6,"column":2},"end":{"line":10,"column":3}},"2":{"start":{"line":7,"column":4},"end":{"line":7,"column":43}},"3":{"start":{"line":9,"column":4},"end":{"line":9,"column":58}},"4":{"start":{"line":13,"column":23},"end":{"line":19,"column":1}},"5":{"start":{"line":14,"column":2},"end":{"line":18,"column":3}},"6":{"start":{"line":15,"column":4},"end":{"line":15,"column":43}},"7":{"start":{"line":17,"column":4},"end":{"line":17,"column":20}}},"fnMap":{"0":{"name":"(anonymous_0)","decl":{"start":{"line":5,"column":24},"end":{"line":5,"column":25}},"loc":{"start":{"line":5,"column":62},"end":{"line":11,"column":1}},"line":5},"1":{"name":"(anonymous_1)","decl":{"start":{"line":13,"column":23},"end":{"line":13,"column":24}},"loc":{"start":{"line":13,"column":64},"end":{"line":19,"column":1}},"line":13}},"branchMap":{},"s":{"0":3,"1":0,"2":0,"3":0,"4":3,"5":2,"6":2,"7":0},"f":{"0":0,"1":2},"b":{},"_coverageSchema":"1a1c01bbd47fc00a2c39e90264f33305004495a9","hash":"bed9414c299396e353a2246e8fc80cda2918ac75"}
}
