TN:
SF:src/App.tsx
FN:10,(anonymous_0)
FNF:1
FNH:1
FNDA:1,(anonymous_0)
DA:8,1
DA:10,1
DA:11,1
LF:3
LH:3
BRF:0
BRH:0
end_of_record
TN:
SF:src/components/PlayerCounter/PlayerCounter.styles.ts
FNF:0
FNH:0
DA:3,3
LF:1
LH:1
BRF:0
BRH:0
end_of_record
TN:
SF:src/components/PlayerCounter/PlayerCounter.tsx
FN:10,(anonymous_0)
FN:11,(anonymous_1)
FN:16,(anonymous_2)
FNF:3
FNH:3
FNDA:22,(anonymous_0)
FNDA:1,(anonymous_1)
FNDA:2,(anonymous_2)
DA:10,3
DA:11,22
DA:12,1
DA:13,1
DA:16,22
DA:17,2
DA:19,1
DA:20,1
DA:23,22
LF:9
LH:9
BRDA:17,0,0,1
BRDA:17,0,1,1
BRF:2
BRH:2
end_of_record
TN:
SF:src/components/PlayerCounter/index.ts
FNF:0
FNH:0
LF:0
LH:0
BRF:0
BRH:0
end_of_record
TN:
SF:src/screens/Home/Home.styles.ts
FNF:0
FNH:0
DA:5,2
LF:1
LH:1
BRF:0
BRH:0
end_of_record
TN:
SF:src/screens/Home/Home.tsx
FN:15,(anonymous_0)
FN:20,(anonymous_1)
FN:24,(anonymous_2)
FN:25,(anonymous_3)
FNF:4
FNH:4
FNDA:9,(anonymous_0)
FNDA:7,(anonymous_1)
FNDA:3,(anonymous_2)
FNDA:3,(anonymous_3)
DA:12,2
DA:13,2
DA:15,2
DA:16,9
DA:17,9
DA:18,9
DA:20,9
DA:21,7
DA:24,9
DA:25,3
DA:26,3
DA:27,3
DA:29,3
DA:30,3
DA:33,3
DA:36,9
LF:16
LH:16
BRF:0
BRH:0
end_of_record
TN:
SF:src/screens/Home/index.ts
FNF:0
FNH:0
LF:0
LH:0
BRF:0
BRH:0
end_of_record
TN:
SF:src/styles/colors.ts
FNF:0
FNH:0
DA:1,2
LF:1
LH:1
BRF:0
BRH:0
end_of_record
TN:
SF:src/utils/asyncStorage.ts
FN:5,(anonymous_0)
FN:13,(anonymous_1)
FNF:2
FNH:1
FNDA:0,(anonymous_0)
FNDA:2,(anonymous_1)
DA:5,3
DA:6,0
DA:7,0
DA:9,0
DA:13,3
DA:14,2
DA:15,2
DA:17,0
LF:8
LH:4
BRF:0
BRH:0
end_of_record
